=== Baixando Inventario_de_Bases_de_Dados.csv ===
OK (53396 bytes) — https://www.anatel.gov.br/dadosabertos/PDA/Bases_Publicadas/Inventario_de_Bases_de_Dados.csv
--- decodificado como latin-1, 53396 chars ---
total de linhas: 130
--- primeiras 3 linhas (cabeçalho) ---
Item;Nome da Base de Dados;Descrição da Base de Dados;Unidade Responsável;Disponível em dados.gov.br;Link dados.gov.br;Link Painéis de Dados da Anatel;Periodicidade de Atualização;Política Pública Relacionada Quando Aplicável;Possui Restrição
1;Acessos - Telefonia Fixa;Base de dados associada aos acessos em serviço das prestadoras do Serviço Telefônico Fixo Comutado - STFC (telefonia fixa);PRUV;Sim;https://dados.gov.br/dataset/acesso-autorizadas-stfc;https://informacoes.anatel.gov.br/paineis/acessos/telefonia-fixa;Mensal;Não se aplica;Não
2;Acessos - Telefonia Móvel;Base de dados associada aos acessos em serviço das prestadoras do Serviço Móvel Pessoal - SMP (telefonia e banda larga móvel);PRUV;Sim;https://dados.gov.br/dataset/acessos-autorizadas-smp;https://informacoes.anatel.gov.br/paineis/acessos/telefonia-movel;Mensal;Não se aplica;Não
--- linhas contendo SCM / Banda Larga / Municipio / UF (até 40) ---
2;Acessos - Telefonia Móvel;Base de dados associada aos acessos em serviço das prestadoras do Serviço Móvel Pessoal - SMP (telefonia e banda larga móvel);PRUV;Sim;https://dados.gov.br/dataset/acessos-autorizadas-smp;https://informacoes.anatel.gov.br/paineis/acessos/telefonia-movel;Mensal;Não se aplica;Não
3;Acessos - Banda Larga Fixa;Base de dados associada aos acessos em serviço das prestadoras do Serviço de Comunicação Multimídia - SCM (banda larga fixa);PRUV;Sim;https://dados.gov.br/dataset/dados-de-acessos-de-comunicacao-multimidia;https://informacoes.anatel.gov.br/paineis/acessos/banda-larga-fixa;Mensal;Não se aplica;Não
5;Qualidade - Indicadores da Banda Larga Fixa;Base de dados associada aos Indicadores de Qualidade da Banda Larga Fixa (Serviço de Comunicação Multimídia - SCM);COQL;Sim;https://dados.gov.br/dataset/qualidade-banda-larga-fixa;https://informacoes.anatel.gov.br/paineis/qualidade/banda-larga-fixa;Descontinuada;Não se aplica;Não
11;Acessos - Números Históricos;Base de dados associada aos acessos dos serviços - Números históricos do Setor (telefonia móvel, telefona fixa, banda larga fixa, TV por Assinatura);PRUV;Sim;https://dados.gov.br/dataset/acessos-numeros-historicos;https://informacoes.anatel.gov.br/paineis/acessos/historico;Mensal;Não se aplica;Não
15;Outorga e Licenciamento - Prestadoras do Serviço de Banda Larga Fixa;Dados de pessoas jurídicas autorizadas para exploração de Serviços de Interesse Coletivo com o Serviço de Comunicação Multimídia (SCM) notificado no banco de dados da Agência Nacional de Telecomunicações - Anatel. (Banda Larga Fixa);ORLE;Sim;https://dados.gov.br/dataset/empresas-autorizadas-scm;https://informacoes.anatel.gov.br/paineis/outorga-e-licenciamento/panorama;Diária;Não se aplica;Não
16;Outorga e Licenciamento - Prestadoras do Serviço de Telefonia Móvel;Dados de pessoas jurídicas autorizadas para exploração de Serviços de Interesse Coletivo com o Serviço Móvel Pessoal (SMP) notificado no banco de dados da Agência Nacional de Telecomunicações - Anatel. (Telefonia Móvel, incluindo Banda Larga Móvel);ORLE;Sim;https://dados.gov.br/dataset/relacao-de-empresas-autorizada-de-servicos-de-comunicacao-movel-pessoal-smp;https://informacoes.anatel.gov.br/paineis/outorga-e-licenciamento/panorama;Diária;Não se aplica;Não
19;Programa Banda Larga nas Escolas;Base de dados associada ao Programa Banda Larga nas Escolas - PBLE;COUN;Sim;https://dados.gov.br/dataset/pble;;Mensal;Programa Banda Larga nas Escolas;Não
29;Indicador PPA 2016-2019 (Velocidade Média da Banda Larga Fixa);Base de dados relativa ao indicador para o acompanhamento da meta do PPA 2016-2019 que trata do aumento da velocidade média da banda larga fixa prestada por meio do Serviço de Comunicação Multimídia - SCM.;PRUV;Sim;https://dados.gov.br/dataset/velocidade-media-da-banda-larga-fixa-em-mbps;;Descontinuada;PPA 2016-2019;Não
30;Indicador PPA 2016-2019 (Acessos de Banda Larga Móvel);Base de dados relativa ao indicador para o acompanhamento da meta do PPA 2016-2019 que trata do aumento da proporção de acessos da banda larga móvel (3G/4G) para 90% dos acessos móveis pessoais em operação no Serviço Móvel Pessoal - SMP.;PRUV;Sim;https://dados.gov.br/dataset/proporcao-de-acessos-de-banda-larga-movel-3g-e-4g;;Descontinuada;PPA 2016-2019;Não
31;Indicador PPA 2016-2019 (Municípios com Banda Larga Móvel);Base de dados relativa ao indicador para o acompanhamento da meta do PPA 2016-2019 que trata da disponibilização do serviço de banda larga móvel em todos os municípios do país.;PRUV;Sim;https://dados.gov.br/dataset/percentual-de-municipios-com-banda-larga-movel;;Descontinuada;PPA 2016-2019;Não
32;Acessos - Banda Larga Fixa (Velocidade Contratada);Base de dados relativa à quantidade de acessos em serviço na banda larga fixa por velocidade contratada coletada das prestadora do Serviço de Comunicação Multimídia - SCM que possuam mais de 50 mil acessos em serviço.;PRUV;Sim;https://dados.gov.br/dataset/acesso-scm-por-100-habitantes-por-velocidade-de-conexao;https://informacoes.anatel.gov.br/paineis/acessos/banda-larga-fixa;Mensal;Não se aplica;Não
34;Acessos - Banda Larga Fixa (Velocidade de Conexão);Base de dados relativa ao indicador (17.6.2) associado ao Objetivo de Desenvolvimento Sustentável - ODS 17 - da Agenda 2030 das Nações Unidas, que trata do número de acessos em serviço na banda larga fixa (Serviço de Comunicação Multimídia - SCM), por 100 habitantes, por velocidade de conexão.;PRUV;Sim;https://dados.gov.br/dataset/acesso-scm-por-100-habitantes-por-velocidade-de-conexao;;Mensal;Objetivo de Desenvolvimento Sustentável - ODS 17 - da Agenda 2030 das Nações Unidas;Não
35;Municípios - Prestadoras e Tecnologias (Telefonia Móvel);Relação de municípios que possuem prestadoras de telefonia móvel (Serviço Móvel Pessoal - SMP) e as tecnologias disponíveis por prestadora;COQL;Sim;https://dados.gov.br/dataset/relacao-de-municipios-que-possuem-prestadoras-de-telefonia-movel-servico-movel-pessoal-smp;;Descontinuada;Não se aplica;Não
37;Municípios com Área Rural Atendida;Relação de municípios que possuem escolas públicas rurais com conexão de dados e prestadora associada.;COUN;Sim;https://dados.gov.br/dataset/areas-rurais-atendidas;;Mensal;Conectividade em Escolas Rurais - Edital 4G;Não
40;Outorga e Licenciamento - Prestadoras de Banda Larga Fixa Isentas de Autorização;Dados de pessoas jurídicas isentas de autorização para exploração do Serviço de Comunicação Multimídia (SCM) cadastrado no banco de dados da Agência Nacional de Telecomunicações - Anatel. (Banda Larga Fixa);ORLE;Sim;https://dados.gov.br/dataset/empresas-prestadoras-do-servico-de-comunicacao-multimidia-isentas-de-autorizacao-da-anatel;https://informacoes.anatel.gov.br/paineis/outorga-e-licenciamento/panorama;Diária;Não se aplica;Não
68;Acessos - Banda Larga Fixa (Densidade por 100 habitantes);Dados de densidade dos acessos em serviço na banda larga fixa (Serviço de Comunicação Multimídia - SCM), por 100 habitantes.;PRUV;Sim;https://dados.gov.br/dataset/densidade_banda_larga;https://informacoes.anatel.gov.br/paineis/acessos/banda-larga-fixa;Mensal;Não se aplica;Não
92;Outorga e Licenciamento - Estações da Banda Larga Fixa;Dados de estações do Serviço de Comunicação Multimídia (SCM) licenciadas ou cadastradas no banco de dados da Agência Nacional de Telecomunicações - Anatel. Cada linha na tabela corresponde apresenta dados técnicos relacionados a uma estação. Dessa forma uma mesma estação pode aparecer mais de uma vez na tabela. (Banda Larga Fixa);ORLE;Sim;https://dados.gov.br/dataset/estacoes-licenciadas-a-operar-no-servico-de-comunicacao-multimidia-scm-banda-larga-fixa;;Diária;Não se aplica;Não
94;Outorga e Licenciamento - Estações dos Radioenlaces da Banda Larga Fixa;Dados de estações Radioenlaces do Serviço de Comunicação Multimídia (SCM) licenciadas ou cadastradas no banco de dados da Agência Nacional de Telecomunicações - Anatel. Cada linha na tabela corresponde apresenta dados técnicos relacionados a uma estação. Dessa forma uma mesma estação pode aparecer mais de uma vez na tabela. (Radioenlaces da Banda Larga Fixa);ORLE;Sim;https://dados.gov.br/dataset/estacoes-licenciadas-a-operar-no-radioenlaces-associados-ao-servico-de-comunicacao-multimidia;;Diária;Não se aplica;Não
100;Consumidor - Resultado Consolidado da Pesquisa (Banda Larga Fixa);Dados consolidados da pesquisa de satisfação e qualidade percebida relativa à prestação do Serviço de Comunicação Multimídia - SCM (banda larga fixa).;RCIC;Sim;https://dados.gov.br/dataset/resultado-consolidado-da-pesquisa-banda-larga-fixa;https://informacoes.anatel.gov.br/paineis/consumidor/pesquisa-de-satisfacao;Anual;Não se aplica;Não
102;Consumidor - Banco de Dados da Pesquuisa (Banda Larga Fixa);Banco de dados das entrevistas da pesquisa de satisfação e qualidade percebida relativa à prestação do Serviço de Comunicação Multimídia - SCM (Banda larga fixa).;RCIC;Sim;https://dados.gov.br/dataset/banco-de-dados-da-pesquisa-banda-larga-fixa;https://informacoes.anatel.gov.br/paineis/consumidor/pesquisa-de-satisfacao;Anual;Não se aplica;Não
104;Consumidor - Resultado Consolidado da Pesquisa (Telefonia Móvel Pré-Paga);Dados consolidados da pesquisa de satisfação e qualidade percebida relativa à prestação do Serviço Móvel Pessoal (telefonia móvel e banda larga móvel) na modalidade de cobrança pré-paga.;RCIC;Sim;https://dados.gov.br/dataset/resultado-consolidado-da-pesquisa-telefonia-movel-pre-paga;https://informacoes.anatel.gov.br/paineis/consumidor/pesquisa-de-satisfacao;Anual;Não se aplica;Não
105;Consumidor - Resultado Consolidado da Pesquisa (Telefonia Móvel Pós-Paga);Dados consolidados da pesquisa de satisfação e qualidade percebida relativa à prestação do Serviço Móvel Pessoal (telefonia móvel e banda larga móvel) na modalidade de cobrança pós-paga.;RCIC;Sim;https://dados.gov.br/dataset/resultado-consolidado-da-pesquisa-telefonia-movel-pos-paga;https://informacoes.anatel.gov.br/paineis/consumidor/pesquisa-de-satisfacao;Anual;Não se aplica;Não
106;Consumidor - Banco de Dados da Pesquisa (Telefonia Móvel Pré-Paga);Banco de dados das entrevistas da pesquisa de satisfação e qualidade percebida relativa à prestação do Serviço Móvel pessoal (telefonia móvel e banda larga móvel) na qualidade de cobrança pré-paga.;RCIC;Sim;https://dados.gov.br/dataset/banco-de-dados-da-pesquisa-telefonia-movel-pre-paga;https://informacoes.anatel.gov.br/paineis/consumidor/pesquisa-de-satisfacao;Anual;Não se aplica;Não
107;Consumidor - Banco de Dados da Pesquisa (Telefonia Móvel Pós-Paga);Banco de dados das entrevistas da pesquisa de satisfação e qualidade percebida relativa à prestação do serviço móvel pessoal ( telefonia móvel e banda larga móvel) na modalidade de cobrança pós paga.;RCIC;Sim;https://dados.gov.br/dataset/banco-de-dados-da-pesquisa-telefonia-movel-pos-paga;https://informacoes.anatel.gov.br/paineis/consumidor/pesquisa-de-satisfacao;Anual;Não se aplica;Não
110;Meu Município - Acessos e Cobertura de Telecomunicações;Dados sobre o panorama das telecomunicações nos municípios brasileiros e comparação com as estatísticas de outros municípios.;ATC;Sim;https://dados.gov.br/dataset/meu-municipio-anatel;https://informacoes.anatel.gov.br/paineis/meu-municipio;Descontinuada;Não se aplica;Não
111;Acessos - Velocidade Contratada (Banda Larga Fixa);Dados sobre a velocidade média calculada para os acessos de banda larga fixa fornecidos pelas prestadoras de banda larga fixa no país.;PRUV;Sim;https://dados.gov.br/dataset/velocidade-media-da-banda-larga-fixa-em-mbps;https://informacoes.anatel.gov.br/paineis/acessos/velocidade-contratada-banda-larga-fixa;Mensal;Não se aplica;Não
123;Indicadores de Qualidade dos Serviços - RQUAL;Base de dados contendo os resultados dos indicadores de qualidade da telefonia fixa (STFC), telefonia móvel (SMP), banda larga fixa (SCM) e TV por assinutura (SeAC) monitorados no âmbito do RQUAL, a partir de março de 2022.;COQL;Não;;;Trimestral;Não se aplica;Não
total de linhas relevantes encontradas: 27
=== Testando candidatos diretos na pasta SCM ===
FALHOU (HTTPError: HTTP Error 404: Not Found) — https://www.anatel.gov.br/dadosabertos/PDA/Acessos/SCM/Total.csv
FALHOU (HTTPError: HTTP Error 404: Not Found) — https://www.anatel.gov.br/dadosabertos/PDA/Acessos/SCM/total.csv
FALHOU (HTTPError: HTTP Error 404: Not Found) — https://www.anatel.gov.br/dadosabertos/PDA/Acessos/SCM/TOTAL.csv
FALHOU (HTTPError: HTTP Error 404: Not Found) — https://www.anatel.gov.br/dadosabertos/PDA/Acessos/SCM/Empresa.csv
FALHOU (HTTPError: HTTP Error 404: Not Found) — https://www.anatel.gov.br/dadosabertos/PDA/Acessos/SCM/Grupo.csv
FALHOU (HTTPError: HTTP Error 404: Not Found) — https://www.anatel.gov.br/dadosabertos/PDA/Acessos/SCM/Municipio.csv
FALHOU (HTTPError: HTTP Error 404: Not Found) — https://www.anatel.gov.br/dadosabertos/PDA/Acessos/SCM/UF.csv
FALHOU (HTTPError: HTTP Error 404: Not Found) — https://www.anatel.gov.br/dadosabertos/PDA/Acessos/SCM/Regiao.csv
FALHOU (HTTPError: HTTP Error 404: Not Found) — https://www.anatel.gov.br/dadosabertos/PDA/Acessos/SCM/Tecnologia.csv
FALHOU (HTTPError: HTTP Error 404: Not Found) — https://www.anatel.gov.br/dadosabertos/PDA/Acessos/SCM/Acessos_Banda_Larga_Fixa.csv
FALHOU (HTTPError: HTTP Error 404: Not Found) — https://www.anatel.gov.br/dadosabertos/PDA/Acessos/SCM/Acessos_SCM.csv
FALHOU (HTTPError: HTTP Error 404: Not Found) — https://www.anatel.gov.br/dadosabertos/PDA/Acessos/SCM/SCM.csv
FALHOU (HTTPError: HTTP Error 404: Not Found) — https://www.anatel.gov.br/dadosabertos/PDA/Acessos/SCM/Acessos_Banda_Larga_Fixa_Municipio.csv
FALHOU (HTTPError: HTTP Error 404: Not Found) — https://www.anatel.gov.br/dadosabertos/PDA/Acessos/SCM/Acessos_Banda_Larga_Fixa_UF.csv
FALHOU (HTTPError: HTTP Error 404: Not Found) — https://www.anatel.gov.br/dadosabertos/PDA/Acessos/SCM/Acessos_Banda_Larga_Fixa_Empresa.csv
FALHOU (HTTPError: HTTP Error 404: Not Found) — https://www.anatel.gov.br/dadosabertos/PDA/Acessos/SCM/Acessos_Banda_Larga_Fixa_Grupo.csv
=== Achado no inventario: dataset real é 'dados-de-acessos-de-comunicacao-multimidia' ===
=== Testando API CKAN do dados.gov.br com o slug certo ===
FALHOU (HTTPError: HTTP Error 401: Unauthorized) — https://dados.gov.br/api/3/action/package_show?id=dados-de-acessos-de-comunicacao-multimidia
=== Testando subdominio informacoes.anatel.gov.br (onde o painel realmente mora) ===
FALHOU (HTTPError: HTTP Error 520: <none>) — https://informacoes.anatel.gov.br/dadosabertos/PDA/Acessos/SCM/Total.csv
FALHOU (HTTPError: HTTP Error 520: <none>) — https://informacoes.anatel.gov.br/dadosabertos/PDA/Acessos/SCM/Municipio.csv
FALHOU (HTTPError: HTTP Error 520: <none>) — https://informacoes.anatel.gov.br/dadosabertos/PDA/Acessos/SCM/UF.csv
FALHOU (HTTPError: HTTP Error 520: <none>) — https://informacoes.anatel.gov.br/dadosabertos/PDA/Acessos/SCM/Empresa.csv
FALHOU (HTTPError: HTTP Error 520: <none>) — https://informacoes.anatel.gov.br/dadosabertos/PDA/Acessos/SCM/Grupo.csv