[export_estatico] atualizando indicadores antes de exportar...
[atualizar_tudo] iniciando ciclo de atualização...
[bcb] selic_meta: 14.25 (2026-08-05) — OK
[bcb] ipca_mensal: 0.16 (2026-06-01) — OK
[bcb] igpm_mensal: -0.5 (2026-06-01) — OK
[bcb] dolar_ptax: 5.078 (2026-07-21) — OK
[bcb] euro_ptax: 5.793 (2026-07-21) — OK
[bcb] desemprego: 5.6 (2026-05-01) — OK
[bcb] divida_bruta_pib: 77.38 (2024-10-01) — OK
[bcb] resultado_primario: 1.91 (2024-10-01) — OK
[bcb] producao_industrial: 107.3 (2026-05-01) — OK
[bcb] vendas_varejo: 108.94 (2026-05-01) — OK
[bcb] spread_bancario: 22.09 (2026-05-01) — OK
[bcb] taxa_media_credito: 33.42 (2026-05-01) — OK
[bcb] inadimplencia: 4.74 (2026-05-01) — OK
[bcb] ipca_12m: 4.64% — OK
[markets] ibovespa: 175545.734375 (2026-07-22) — OK
[markets] sp500: 7503.91015625 (2026-07-22) — OK
[markets] nasdaq: 25735.611328125 (2026-07-22) — OK
[markets] dow_jones: 52376.5 (2026-07-22) — OK
[markets] ouro: 4148.60009765625 (2026-07-22) — OK
[markets] petroleo: 86.66000366210938 (2026-07-22) — OK
[markets] vix: 17.280000686645508 (2026-07-22) — OK
[markets] bitcoin: US$ 65831 — OK
[risk] indicadores manuais (risco-país, rating, projeções) carregados no cache.
[telecom.sector] dados do setor de provedores carregados no cache.
[markets] nenhum símbolo respondeu (['BRIT3.SA']) — último erro: HTTPError: HTTP Error 404: Not Found
[telecom.players] Brisanet: perfil curado (capital fechado)
[telecom.players] Unifique: cotação 5.699999809265137
[telecom.players] American Tower: cotação 164.2899932861328
[telecom.players] IHS Holding: cotação 8.25
[telecom.players] Desktop: perfil curado (capital fechado)
[telecom.players] Vero: perfil curado (capital fechado)
[telecom.players] Ligga: perfil curado (capital fechado)
[telecom.players] Mhnet: perfil curado (capital fechado)
[telecom.players] Brasil Tecpar: perfil curado (capital fechado)
[telecom.players] Algar Telecom: perfil curado (capital fechado)
[telecom.players] V.tal: perfil curado (capital fechado)
[telecom.players] Fibrasil: perfil curado (capital fechado)
[telecom.players] Neutral Networks: perfil curado (capital fechado)
[telecom.ranking] ranking nacional de provedores carregado no cache.
[telecom.ranking] ranking de RO carregado no cache.
[telecom.ranking] ranking de MT carregado no cache.
[telecom.ranking] ranking de TO carregado no cache.
[telecom.ranking] ranking de PA carregado no cache.
[telecom.ranking] ranking de MS carregado no cache.
[atualizar_tudo] ciclo concluído. 0 alerta(s) ativo(s).
[export_estatico] snapshot gerado em 22/07/2026 13:52 — index.html + css/ + js/ + images/ na raiz do projeto.
